0 verbose cli /Users/maximiliandietel/.nvm/versions/node/v20.11.0/bin/node /Users/maximiliandietel/.nvm/versions/node/v20.11.0/lib/node_modules/npm/bin/npm-cli.js
1 info using npm@10.2.4
2 info using node@v20.11.0
3 timing npm:load:whichnode Completed in 0ms
4 timing config:load:defaults Completed in 0ms
5 timing config:load:file:/Users/maximiliandietel/.nvm/versions/node/v20.11.0/lib/node_modules/npm/npmrc Completed in 1ms
6 timing config:load:builtin Completed in 1ms
7 timing config:load:cli Completed in 1ms
8 timing config:load:env Completed in 0ms
9 timing config:load:file:/Users/maximiliandietel/Developer/icofi/.npmrc Completed in 0ms
10 timing config:load:project Completed in 2ms
11 timing config:load:file:/Users/maximiliandietel/.npmrc Completed in 0ms
12 timing config:load:user Completed in 0ms
13 timing config:load:file:/Users/maximiliandietel/.nvm/versions/node/v20.11.0/etc/npmrc Completed in 0ms
14 timing config:load:global Completed in 0ms
15 timing config:load:setEnvs Completed in 1ms
16 timing config:load Completed in 5ms
17 timing npm:load:configload Completed in 5ms
18 timing config:load:flatten Completed in 1ms
19 timing npm:load:mkdirpcache Completed in 1ms
20 timing npm:load:mkdirplogs Completed in 0ms
21 verbose title npm exec ts-node --esm --skipProject scripts/fsrs.ts
22 verbose argv "exec" "--" "ts-node" "--esm" "--skipProject" "scripts/fsrs.ts"
23 timing npm:load:setTitle Completed in 0ms
24 timing npm:load:display Completed in 0ms
25 verbose logfile logs-max:10 dir:/Users/maximiliandietel/Developer/icofi/.npm-cache/_logs/2025-11-08T12_31_29_343Z-
26 verbose logfile /Users/maximiliandietel/Developer/icofi/.npm-cache/_logs/2025-11-08T12_31_29_343Z-debug-0.log
27 timing npm:load:logFile Completed in 4ms
28 timing npm:load:timers Completed in 0ms
29 timing npm:load:configScope Completed in 0ms
30 timing npm:load Completed in 17ms
31 silly logfile done cleaning log files
32 timing arborist:ctor Completed in 0ms
33 verbose shrinkwrap failed to load node_modules/.package-lock.json out of date, updated: node_modules
34 http fetch GET 200 https://registry.npmjs.org/ts-node 182ms (cache revalidated)
35 timing arborist:ctor Completed in 0ms
36 timing arborist:ctor Completed in 0ms
37 timing arborist:ctor Completed in 0ms
38 timing command:exec Completed in 956ms
39 verbose exit 1
40 timing npm Completed in 1062ms
41 verbose code 1
