0 verbose cli /Users/maximiliandietel/.nvm/versions/node/v20.11.0/bin/node /Users/maximiliandietel/.nvm/versions/node/v20.11.0/lib/node_modules/npm/bin/npm-cli.js
1 info using npm@10.2.4
2 info using node@v20.11.0
3 timing npm:load:whichnode Completed in 1ms
4 timing config:load:defaults Completed in 0ms
5 timing config:load:file:/Users/maximiliandietel/.nvm/versions/node/v20.11.0/lib/node_modules/npm/npmrc Completed in 1ms
6 timing config:load:builtin Completed in 1ms
7 timing config:load:cli Completed in 1ms
8 timing config:load:env Completed in 1ms
9 timing config:load:file:/Users/maximiliandietel/Developer/icofi/.npmrc Completed in 0ms
10 timing config:load:project Completed in 2ms
11 timing config:load:file:/Users/maximiliandietel/.npmrc Completed in 0ms
12 timing config:load:user Completed in 0ms
13 timing config:load:file:/Users/maximiliandietel/.nvm/versions/node/v20.11.0/etc/npmrc Completed in 0ms
14 timing config:load:global Completed in 0ms
15 timing config:load:setEnvs Completed in 0ms
16 timing config:load Completed in 5ms
17 timing npm:load:configload Completed in 5ms
18 timing config:load:flatten Completed in 1ms
19 timing npm:load:mkdirpcache Completed in 0ms
20 timing npm:load:mkdirplogs Completed in 0ms
21 verbose title npm exec ts-node-esm --skipProject scripts/fsrs.ts
22 verbose argv "exec" "--" "ts-node-esm" "--skipProject" "scripts/fsrs.ts"
23 timing npm:load:setTitle Completed in 0ms
24 timing npm:load:display Completed in 1ms
25 verbose logfile logs-max:10 dir:/Users/maximiliandietel/Developer/icofi/.npm-cache/_logs/2025-11-08T12_31_38_127Z-
26 verbose logfile /Users/maximiliandietel/Developer/icofi/.npm-cache/_logs/2025-11-08T12_31_38_127Z-debug-0.log
27 timing npm:load:logFile Completed in 4ms
28 timing npm:load:timers Completed in 0ms
29 timing npm:load:configScope Completed in 0ms
30 timing npm:load Completed in 18ms
31 silly logfile done cleaning log files
32 timing arborist:ctor Completed in 0ms
33 verbose shrinkwrap failed to load node_modules/.package-lock.json out of date, updated: node_modules
34 http fetch GET 200 https://registry.npmjs.org/ts-node-esm 830ms (cache miss)
35 timing arborist:ctor Completed in 0ms
36 timing arborist:ctor Completed in 0ms
37 warn exec The following package was not found and will be installed: ts-node-esm@0.0.6
38 timing arborist:ctor Completed in 0ms
39 timing idealTree:init Completed in 2ms
40 timing idealTree:userRequests Completed in 0ms
41 silly idealTree buildDeps
42 silly fetch manifest ts-node-esm@0.0.6
43 http fetch GET 200 https://registry.npmjs.org/ts-node-esm 3ms (cache hit)
44 timing idealTree Completed in 7ms
45 timing command:exec Completed in 1304ms
46 verbose stack Error: Invalid tag name ">=^3.9.3" of package "typescript@>=^3.9.3": Tags may not have any characters that encodeURIComponent encodes.
46 verbose stack     at invalidTagName (/Users/maximiliandietel/.nvm/versions/node/v20.11.0/lib/node_modules/npm/node_modules/npm-package-arg/lib/npa.js:118:15)
46 verbose stack     at fromRegistry (/Users/maximiliandietel/.nvm/versions/node/v20.11.0/lib/node_modules/npm/node_modules/npm-package-arg/lib/npa.js:406:13)
46 verbose stack     at Function.resolve (/Users/maximiliandietel/.nvm/versions/node/v20.11.0/lib/node_modules/npm/node_modules/npm-package-arg/lib/npa.js:87:12)
46 verbose stack     at #nodeFromEdge (/Users/maximiliandietel/.nvm/versions/node/v20.11.0/lib/node_modules/npm/node_modules/@npmcli/arborist/lib/arborist/build-ideal-tree.js:1048:22)
46 verbose stack     at #loadPeerSet (/Users/maximiliandietel/.nvm/versions/node/v20.11.0/lib/node_modules/npm/node_modules/@npmcli/arborist/lib/arborist/build-ideal-tree.js:1310:35)
46 verbose stack     at #nodeFromEdge (/Users/maximiliandietel/.nvm/versions/node/v20.11.0/lib/node_modules/npm/node_modules/@npmcli/arborist/lib/arborist/build-ideal-tree.js:1091:29)
46 verbose stack     at async #buildDepStep (/Users/maximiliandietel/.nvm/versions/node/v20.11.0/lib/node_modules/npm/node_modules/@npmcli/arborist/lib/arborist/build-ideal-tree.js:917:11)
46 verbose stack     at async Arborist.buildIdealTree (/Users/maximiliandietel/.nvm/versions/node/v20.11.0/lib/node_modules/npm/node_modules/@npmcli/arborist/lib/arborist/build-ideal-tree.js:196:7)
46 verbose stack     at async Promise.all (index 1)
46 verbose stack     at async Arborist.reify (/Users/maximiliandietel/.nvm/versions/node/v20.11.0/lib/node_modules/npm/node_modules/@npmcli/arborist/lib/arborist/reify.js:159:5)
47 verbose cwd /Users/maximiliandietel/Developer/icofi
48 verbose Darwin 23.6.0
49 verbose node v20.11.0
50 verbose npm  v10.2.4
51 error code EINVALIDTAGNAME
52 error Invalid tag name ">=^3.9.3" of package "typescript@>=^3.9.3": Tags may not have any characters that encodeURIComponent encodes.
53 verbose exit 1
54 timing npm Completed in 1411ms
55 verbose unfinished npm timer reify 1762605099530
56 verbose unfinished npm timer reify:loadTrees 1762605099530
57 verbose unfinished npm timer idealTree:buildDeps 1762605099532
58 verbose unfinished npm timer idealTree:#root 1762605099532
59 verbose code 1
60 error A complete log of this run can be found in: /Users/maximiliandietel/Developer/icofi/.npm-cache/_logs/2025-11-08T12_31_38_127Z-debug-0.log
