0 verbose cli /Users/maximiliandietel/.nvm/versions/node/v20.11.0/bin/node /Users/maximiliandietel/.nvm/versions/node/v20.11.0/bin/npm
1 info using npm@10.2.4
2 info using node@v20.11.0
3 timing npm:load:whichnode Completed in 0ms
4 timing config:load:defaults Completed in 1ms
5 timing config:load:file:/Users/maximiliandietel/.nvm/versions/node/v20.11.0/lib/node_modules/npm/npmrc Completed in 0ms
6 timing config:load:builtin Completed in 1ms
7 timing config:load:cli Completed in 1ms
8 timing config:load:env Completed in 0ms
9 timing config:load:file:/Users/maximiliandietel/Developer/icofi/.npmrc Completed in 0ms
10 timing config:load:project Completed in 2ms
11 timing config:load:file:/Users/maximiliandietel/.npmrc Completed in 0ms
12 timing config:load:user Completed in 0ms
13 timing config:load:file:/Users/maximiliandietel/.nvm/versions/node/v20.11.0/etc/npmrc Completed in 0ms
14 timing config:load:global Completed in 0ms
15 timing config:load:setEnvs Completed in 1ms
16 timing config:load Completed in 6ms
17 timing npm:load:configload Completed in 6ms
18 timing config:load:flatten Completed in 1ms
19 timing npm:load:mkdirpcache Completed in 0ms
20 timing npm:load:mkdirplogs Completed in 0ms
21 verbose title npm install
22 verbose argv "install"
23 timing npm:load:setTitle Completed in 1ms
24 timing npm:load:display Completed in 0ms
25 verbose logfile logs-max:10 dir:/Users/maximiliandietel/Developer/icofi/.npm-cache/_logs/2025-11-08T12_30_58_763Z-
26 verbose logfile /Users/maximiliandietel/Developer/icofi/.npm-cache/_logs/2025-11-08T12_30_58_763Z-debug-0.log
27 timing npm:load:logFile Completed in 4ms
28 timing npm:load:timers Completed in 0ms
29 timing npm:load:configScope Completed in 0ms
30 timing npm:load Completed in 17ms
31 timing arborist:ctor Completed in 1ms
32 silly logfile done cleaning log files
33 timing idealTree:init Completed in 133ms
34 timing idealTree:userRequests Completed in 0ms
35 silly idealTree buildDeps
36 timing idealTree:#root Completed in 0ms
37 timing idealTree:buildDeps Completed in 1ms
38 timing idealTree:fixDepFlags Completed in 0ms
39 timing idealTree Completed in 137ms
40 verbose shrinkwrap failed to load node_modules/.package-lock.json missing from lockfile: node_modules/npm-run-path
41 timing reify:loadTrees Completed in 161ms
42 timing reify:diffTrees Completed in 5ms
43 silly reify mark retired [ '/Users/maximiliandietel/Developer/icofi/node_modules/npm-run-path' ]
44 silly reify mark retired [ '/Users/maximiliandietel/Developer/icofi/node_modules/path-key' ]
45 silly reify mark retired [
45 silly reify   '/Users/maximiliandietel/Developer/icofi/node_modules/@typescript-eslint/scope-manager'
45 silly reify ]
46 silly reify moves {
46 silly reify   '/Users/maximiliandietel/Developer/icofi/node_modules/npm-run-path': '/Users/maximiliandietel/Developer/icofi/node_modules/.npm-run-path-dKaRvvVm',
46 silly reify   '/Users/maximiliandietel/Developer/icofi/node_modules/path-key': '/Users/maximiliandietel/Developer/icofi/node_modules/.path-key-Sy6LjG2g',
46 silly reify   '/Users/maximiliandietel/Developer/icofi/node_modules/@typescript-eslint/scope-manager': '/Users/maximiliandietel/Developer/icofi/node_modules/@typescript-eslint/.scope-manager-FKhhJout'
46 silly reify }
47 timing reify:rollback:retireShallow Completed in 1ms
48 timing command:install Completed in 172ms
49 verbose stack Error: EPERM: operation not permitted, scandir '/Users/maximiliandietel/Developer/icofi/node_modules/path-key'
50 verbose cwd /Users/maximiliandietel/Developer/icofi
51 verbose Darwin 23.6.0
52 verbose node v20.11.0
53 verbose npm  v10.2.4
54 error code EPERM
55 error syscall scandir
56 error path /Users/maximiliandietel/Developer/icofi/node_modules/path-key
57 error errno -1
58 error [Error: EPERM: operation not permitted, scandir '/Users/maximiliandietel/Developer/icofi/node_modules/path-key'] {
58 error   errno: -1,
58 error   code: 'EPERM',
58 error   syscall: 'scandir',
58 error   path: '/Users/maximiliandietel/Developer/icofi/node_modules/path-key'
58 error }
59 error
59 error The operation was rejected by your operating system.
59 error It is likely you do not have the permissions to access this file as the current user
59 error
59 error If you believe this might be a permissions issue, please double-check the
59 error permissions of the file and its containing directories, or try running
59 error the command again as root/Administrator.
60 verbose exit -1
61 timing npm Completed in 287ms
62 verbose unfinished npm timer reify 1762605058877
63 verbose unfinished npm timer reify:retireShallow 1762605059045
64 verbose code -1
65 error A complete log of this run can be found in: /Users/maximiliandietel/Developer/icofi/.npm-cache/_logs/2025-11-08T12_30_58_763Z-debug-0.log
